2021-04-23 04:27:39.029  INFO 53 --- [ loginUser ] com.example.demo.controller.all.LoginController : Login method at com.itfac.ugs.controllers.all.LoginController called with username 184160D@gmail.com 
2021-04-23 04:34:45.047  INFO 53 --- [ loginUser ] com.example.demo.controller.all.LoginController : Login method at com.itfac.ugs.controllers.all.LoginController called with username 184160D@gmail.com 
2021-04-23 04:43:27.568  INFO 53 --- [ loginUser ] com.example.demo.controller.all.LoginController : Login method at com.itfac.ugs.controllers.all.LoginController called with username 184160D@gmail.com 
2021-04-23 05:11:36.061  INFO 53 --- [ loginUser ] com.example.demo.controller.all.LoginController : Login method at com.itfac.ugs.controllers.all.LoginController called with username 184160D@gmail.com 
2021-04-30 12:09:12.847  INFO 53 --- [ loginUser ] com.example.demo.controller.all.LoginController : Login method at com.itfac.ugs.controllers.all.LoginController called with username 184160D@gmail.com 
2021-04-30 04:03:19.922  INFO 53 --- [ loginUser ] com.example.demo.controller.all.LoginController : Login method at com.itfac.ugs.controllers.all.LoginController called with username 184160D@gmail.com 
2021-04-30 04:03:49.977  INFO 53 --- [ loginUser ] com.example.demo.controller.all.LoginController : Login method at com.itfac.ugs.controllers.all.LoginController called with username 184160D@gmail.com 
2021-05-11 10:33:59.216  INFO 50 --- [ loginUser ] com.example.demo.controller.all.LoginController : Login method at com.itfac.ugs.controllers.all.LoginController called with username fayaz@gmail.com 
2021-05-11 10:39:23.347  INFO 50 --- [ loginUser ] com.example.demo.controller.all.LoginController : Login method at com.itfac.ugs.controllers.all.LoginController called with username 184160D@gmail.com 
2021-05-11 10:47:18.826  INFO 50 --- [ loginUser ] com.example.demo.controller.all.LoginController : Login method at com.itfac.ugs.controllers.all.LoginController called with username fayaz@gmail.com 
2021-05-17 11:31:26.863  INFO 50 --- [ loginUser ] com.example.demo.controller.all.LoginController : Login method at com.itfac.ugs.controllers.all.LoginController called with username sarath@gmail.com 
2021-05-17 01:54:02.493  INFO 50 --- [ loginUser ] com.example.demo.controller.all.LoginController : Login method at com.itfac.ugs.controllers.all.LoginController called with username sarath@gmail.com 
2021-05-17 03:09:21.543  INFO 50 --- [ loginUser ] com.example.demo.controller.all.LoginController : Login method at com.itfac.ugs.controllers.all.LoginController called with username sarath@gmail.com 
2021-05-17 03:10:57.395  INFO 50 --- [ loginUser ] com.example.demo.controller.all.LoginController : Login method at com.itfac.ugs.controllers.all.LoginController called with username sarath@gmail.com 
2021-05-17 03:17:28.286  INFO 50 --- [ loginUser ] com.example.demo.controller.all.LoginController : Login method at com.itfac.ugs.controllers.all.LoginController called with username fayaz@gmail.com 
2021-05-17 03:26:12.979  INFO 50 --- [ loginUser ] com.example.demo.controller.all.LoginController : Login method at com.itfac.ugs.controllers.all.LoginController called with username fayaz@gmail.com 
2021-05-17 03:30:59.413  INFO 50 --- [ loginUser ] com.example.demo.controller.all.LoginController : Login method at com.itfac.ugs.controllers.all.LoginController called with username fayaz@gmail.com 
2021-05-17 08:07:23.465  INFO 50 --- [ loginUser ] com.example.demo.controller.all.LoginController : Login method at com.itfac.ugs.controllers.all.LoginController called with username fayaz@gmail.com 
2021-05-17 08:11:06.615  INFO 50 --- [ loginUser ] com.example.demo.controller.all.LoginController : Login method at com.itfac.ugs.controllers.all.LoginController called with username fayaz@gmail.com 
2021-05-17 08:16:48.801  INFO 50 --- [ loginUser ] com.example.demo.controller.all.LoginController : Login method at com.itfac.ugs.controllers.all.LoginController called with username fayaz@gmail.com 
2021-05-17 08:22:37.535  INFO 50 --- [ loginUser ] com.example.demo.controller.all.LoginController : Login method at com.itfac.ugs.controllers.all.LoginController called with username fayaz@gmail.com 
2021-05-17 08:26:58.837  INFO 50 --- [ loginUser ] com.example.demo.controller.all.LoginController : Login method at com.itfac.ugs.controllers.all.LoginController called with username fayaz@gmail.com 
2021-05-17 08:30:17.945  INFO 50 --- [ loginUser ] com.example.demo.controller.all.LoginController : Login method at com.itfac.ugs.controllers.all.LoginController called with username fayaz@gmail.com 
2021-05-17 08:34:24.745  INFO 51 --- [ loginUser ] com.example.demo.controller.all.LoginController : Login method at com.itfac.ugs.controllers.all.LoginController called with username fayaz@gmail.com 
2021-05-17 08:37:24.932  INFO 51 --- [ loginUser ] com.example.demo.controller.all.LoginController : Login method at com.itfac.ugs.controllers.all.LoginController called with username fayaz@gmail.com 
2021-05-17 08:38:45.034  INFO 51 --- [ loginUser ] com.example.demo.controller.all.LoginController : Login method at com.itfac.ugs.controllers.all.LoginController called with username fayaz@gmail.com 
2021-05-17 08:42:25.346  INFO 51 --- [ loginUser ] com.example.demo.controller.all.LoginController : Login method at com.itfac.ugs.controllers.all.LoginController called with username fayaz@gmail.com 
2021-05-17 08:43:19.095  INFO 51 --- [ loginUser ] com.example.demo.controller.all.LoginController : Login method at com.itfac.ugs.controllers.all.LoginController called with username sarath@gmail.com 
2021-05-17 08:46:01.315  INFO 51 --- [ loginUser ] com.example.demo.controller.all.LoginController : Login method at com.itfac.ugs.controllers.all.LoginController called with username fayaz@gmail.com 
2021-05-17 08:46:15.742  INFO 51 --- [ loginUser ] com.example.demo.controller.all.LoginController : Login method at com.itfac.ugs.controllers.all.LoginController called with username sarath@gmail.com 
2021-05-17 08:49:03.337  INFO 51 --- [ loginUser ] com.example.demo.controller.all.LoginController : Login method at com.itfac.ugs.controllers.all.LoginController called with username sarath@gmail.com 
2021-05-17 09:12:24.669  INFO 51 --- [ loginUser ] com.example.demo.controller.all.LoginController : Login method at com.itfac.ugs.controllers.all.LoginController called with username sarath@gmail.com 
2021-05-17 09:38:27.459  INFO 51 --- [ loginUser ] com.example.demo.controller.all.LoginController : Login method at com.itfac.ugs.controllers.all.LoginController called with username sarath@gmail.com 
2021-05-17 09:40:04.973  INFO 51 --- [ loginUser ] com.example.demo.controller.all.LoginController : Login method at com.itfac.ugs.controllers.all.LoginController called with username 184162D@gmail.com 
2021-05-18 12:44:22.093  INFO 51 --- [ loginUser ] com.example.demo.controller.all.LoginController : Login method at com.itfac.ugs.controllers.all.LoginController called with username 184160D@gmail.com 
2021-05-18 12:47:28.563  INFO 51 --- [ loginUser ] com.example.demo.controller.all.LoginController : Login method at com.itfac.ugs.controllers.all.LoginController called with username 184161D@gmail.com 
2021-05-18 12:48:38.062  INFO 51 --- [ loginUser ] com.example.demo.controller.all.LoginController : Login method at com.itfac.ugs.controllers.all.LoginController called with username 184162D@gmail.com 
2021-05-18 01:01:18.683  INFO 51 --- [ loginUser ] com.example.demo.controller.all.LoginController : Login method at com.itfac.ugs.controllers.all.LoginController called with username fayaz@gmail.com 
2021-05-18 01:02:48.034  INFO 51 --- [ loginUser ] com.example.demo.controller.all.LoginController : Login method at com.itfac.ugs.controllers.all.LoginController called with username sarath@gmail.com 
2021-05-18 01:13:32.415  INFO 51 --- [ loginUser ] com.example.demo.controller.all.LoginController : Login method at com.itfac.ugs.controllers.all.LoginController called with username sarath@gmail.com 
2021-05-18 03:13:00.247  INFO 51 --- [ loginUser ] com.example.demo.controller.all.LoginController : Login method at com.itfac.ugs.controllers.all.LoginController called with username sarath@gmail.com 
2021-05-18 03:25:07.241  INFO 51 --- [ loginUser ] com.example.demo.controller.all.LoginController : Login method at com.itfac.ugs.controllers.all.LoginController called with username sarath@gmail.com 
2021-05-18 03:35:42.033  INFO 51 --- [ loginUser ] com.example.demo.controller.all.LoginController : Login method at com.itfac.ugs.controllers.all.LoginController called with username sarath@gmail.com 
2021-05-18 05:01:35.270  INFO 51 --- [ loginUser ] com.example.demo.controller.all.LoginController : Login method at com.itfac.ugs.controllers.all.LoginController called with username sarath@gmail.com 
2021-05-18 05:12:42.792  INFO 51 --- [ loginUser ] com.example.demo.controller.all.LoginController : Login method at com.itfac.ugs.controllers.all.LoginController called with username sarath@gmail.com 
2021-05-18 05:22:55.211  INFO 51 --- [ loginUser ] com.example.demo.controller.all.LoginController : Login method at com.itfac.ugs.controllers.all.LoginController called with username sarath@gmail.com 
2021-05-18 05:57:58.369  INFO 51 --- [ loginUser ] com.example.demo.controller.all.LoginController : Login method at com.itfac.ugs.controllers.all.LoginController called with username sarath@gmail.com 
2021-05-18 05:58:32.930  INFO 51 --- [ loginUser ] com.example.demo.controller.all.LoginController : Login method at com.itfac.ugs.controllers.all.LoginController called with username sarath@gmail.com 
2021-05-18 05:58:39.563  INFO 51 --- [ loginUser ] com.example.demo.controller.all.LoginController : Login method at com.itfac.ugs.controllers.all.LoginController called with username sarath@gmail.com 
2021-05-18 06:18:06.898  INFO 51 --- [ loginUser ] com.example.demo.controller.all.LoginController : Login method at com.itfac.ugs.controllers.all.LoginController called with username sarath@gmail.com 
2021-05-18 06:30:32.464  INFO 51 --- [ loginUser ] com.example.demo.controller.all.LoginController : Login method at com.itfac.ugs.controllers.all.LoginController called with username sarath@gmail.com 
2021-05-18 09:44:39.376  INFO 51 --- [ loginUser ] com.example.demo.controller.all.LoginController : Login method at com.itfac.ugs.controllers.all.LoginController called with username sarath@gmail.com 
2021-05-18 09:58:29.256  INFO 51 --- [ loginUser ] com.example.demo.controller.all.LoginController : Login method at com.itfac.ugs.controllers.all.LoginController called with username sarath@gmail.com 
2021-05-18 11:47:33.987  INFO 51 --- [ loginUser ] com.example.demo.controller.all.LoginController : Login method at com.itfac.ugs.controllers.all.LoginController called with username sarath@gmail.com 
2021-05-19 12:04:10.736  INFO 51 --- [ loginUser ] com.example.demo.controller.all.LoginController : Login method at com.itfac.ugs.controllers.all.LoginController called with username sarath@gmail.com 
2021-05-19 12:14:31.747  INFO 51 --- [ loginUser ] com.example.demo.controller.all.LoginController : Login method at com.itfac.ugs.controllers.all.LoginController called with username sarath@gmail.com 
2021-05-19 12:33:19.438  INFO 51 --- [ loginUser ] com.example.demo.controller.all.LoginController : Login method at com.itfac.ugs.controllers.all.LoginController called with username fayaz861818@gmail.com 
2021-05-19 12:55:38.208  INFO 51 --- [ loginUser ] com.example.demo.controller.all.LoginController : Login method at com.itfac.ugs.controllers.all.LoginController called with username sarath@gmail.com 
2021-05-19 12:56:11.077  INFO 51 --- [ loginUser ] com.example.demo.controller.all.LoginController : Login method at com.itfac.ugs.controllers.all.LoginController called with username fayaz@gmail.com 
2021-05-19 01:00:48.022  INFO 51 --- [ loginUser ] com.example.demo.controller.all.LoginController : Login method at com.itfac.ugs.controllers.all.LoginController called with username 184162D@gmail.com 
2021-05-19 01:04:58.848  INFO 51 --- [ loginUser ] com.example.demo.controller.all.LoginController : Login method at com.itfac.ugs.controllers.all.LoginController called with username sarath@gmail.com 
2021-05-19 11:43:21.918  INFO 51 --- [ loginUser ] com.example.demo.controller.all.LoginController : Login method at com.itfac.ugs.controllers.all.LoginController called with username sarath@gmail.com 
2021-05-19 11:55:43.320  INFO 51 --- [ loginUser ] com.example.demo.controller.all.LoginController : Login method at com.itfac.ugs.controllers.all.LoginController called with username sarath@gmail.com 
2021-05-19 12:17:25.615  INFO 51 --- [ loginUser ] com.example.demo.controller.all.LoginController : Login method at com.itfac.ugs.controllers.all.LoginController called with username sarath@gmail.com 
2021-05-19 01:07:39.774  INFO 51 --- [ loginUser ] com.example.demo.controller.all.LoginController : Login method at com.itfac.ugs.controllers.all.LoginController called with username sarath@gmail.com 
2021-05-19 01:23:58.981  INFO 51 --- [ loginUser ] com.example.demo.controller.all.LoginController : Login method at com.itfac.ugs.controllers.all.LoginController called with username fayaz861818@gmail.com 
2021-05-19 03:09:00.771  INFO 51 --- [ loginUser ] com.example.demo.controller.all.LoginController : Login method at com.itfac.ugs.controllers.all.LoginController called with username sarath@gmail.com 
2021-05-19 03:42:08.970  INFO 51 --- [ loginUser ] com.example.demo.controller.all.LoginController : Login method at com.itfac.ugs.controllers.all.LoginController called with username sarath@gmail.com 
2021-05-19 04:10:52.946  INFO 51 --- [ loginUser ] com.example.demo.controller.all.LoginController : Login method at com.itfac.ugs.controllers.all.LoginController called with username sarath@gmail.com 
2021-05-19 04:13:33.779  INFO 51 --- [ loginUser ] com.example.demo.controller.all.LoginController : Login method at com.itfac.ugs.controllers.all.LoginController called with username sarath@gmail.com 
2021-05-19 04:15:14.514  INFO 51 --- [ loginUser ] com.example.demo.controller.all.LoginController : Login method at com.itfac.ugs.controllers.all.LoginController called with username sarath@gmail.com 
2021-05-19 04:28:13.771  INFO 51 --- [ loginUser ] com.example.demo.controller.all.LoginController : Login method at com.itfac.ugs.controllers.all.LoginController called with username sarath@gmail.com 
2021-05-19 04:51:13.325  INFO 51 --- [ loginUser ] com.example.demo.controller.all.LoginController : Login method at com.itfac.ugs.controllers.all.LoginController called with username sarath@gmail.com 
2021-05-19 05:03:47.955  INFO 51 --- [ loginUser ] com.example.demo.controller.all.LoginController : Login method at com.itfac.ugs.controllers.all.LoginController called with username sarath@gmail.com 
2021-05-19 05:08:41.525  INFO 51 --- [ loginUser ] com.example.demo.controller.all.LoginController : Login method at com.itfac.ugs.controllers.all.LoginController called with username sarath@gmail.com 
2021-05-19 05:24:32.947  INFO 51 --- [ loginUser ] com.example.demo.controller.all.LoginController : Login method at com.itfac.ugs.controllers.all.LoginController called with username sarath@gmail.com 
2021-05-19 05:35:23.173  INFO 51 --- [ loginUser ] com.example.demo.controller.all.LoginController : Login method at com.itfac.ugs.controllers.all.LoginController called with username sarath@gmail.com 
2021-05-19 05:51:09.458  INFO 51 --- [ loginUser ] com.example.demo.controller.all.LoginController : Login method at com.itfac.ugs.controllers.all.LoginController called with username sarath@gmail.com 
2021-05-19 06:01:33.573  INFO 51 --- [ loginUser ] com.example.demo.controller.all.LoginController : Login method at com.itfac.ugs.controllers.all.LoginController called with username sarath@gmail.com 
2021-05-19 06:45:31.408  INFO 51 --- [ loginUser ] com.example.demo.controller.all.LoginController : Login method at com.itfac.ugs.controllers.all.LoginController called with username sarath@gmail.com 
2021-05-19 09:46:35.758  INFO 51 --- [ loginUser ] com.example.demo.controller.all.LoginController : Login method at com.itfac.ugs.controllers.all.LoginController called with username sarath@gmail.com 
2021-05-19 09:56:23.113  INFO 51 --- [ loginUser ] com.example.demo.controller.all.LoginController : Login method at com.itfac.ugs.controllers.all.LoginController called with username sarath@gmail.com 
2021-05-19 10:00:44.147  INFO 51 --- [ loginUser ] com.example.demo.controller.all.LoginController : Login method at com.itfac.ugs.controllers.all.LoginController called with username 184162D@gmail.com 
2021-05-19 10:04:47.185  INFO 51 --- [ loginUser ] com.example.demo.controller.all.LoginController : Login method at com.itfac.ugs.controllers.all.LoginController called with username sarath@gmail.com 
2021-05-19 10:13:08.036  INFO 51 --- [ loginUser ] com.example.demo.controller.all.LoginController : Login method at com.itfac.ugs.controllers.all.LoginController called with username 184160D@gmail.com 
2021-05-19 10:15:14.095  INFO 51 --- [ loginUser ] com.example.demo.controller.all.LoginController : Login method at com.itfac.ugs.controllers.all.LoginController called with username sarath@gmail.com 
2021-05-19 10:25:42.082  INFO 51 --- [ loginUser ] com.example.demo.controller.all.LoginController : Login method at com.itfac.ugs.controllers.all.LoginController called with username 184160D@gmail.com 
2021-05-19 10:42:43.942  INFO 51 --- [ loginUser ] com.example.demo.controller.all.LoginController : Login method at com.itfac.ugs.controllers.all.LoginController called with username 184160D@gmail.com 
2021-05-19 10:45:18.113  INFO 51 --- [ loginUser ] com.example.demo.controller.all.LoginController : Login method at com.itfac.ugs.controllers.all.LoginController called with username 184161D@gmail.com 
2021-05-19 10:45:37.264  INFO 51 --- [ loginUser ] com.example.demo.controller.all.LoginController : Login method at com.itfac.ugs.controllers.all.LoginController called with username sarath@gmail.com 
2021-05-19 10:48:29.241  INFO 51 --- [ loginUser ] com.example.demo.controller.all.LoginController : Login method at com.itfac.ugs.controllers.all.LoginController called with username 184160D@gmail.com 
2021-05-19 11:02:31.093  INFO 51 --- [ loginUser ] com.example.demo.controller.all.LoginController : Login method at com.itfac.ugs.controllers.all.LoginController called with username sarath@gmail.com 
2021-05-19 11:07:53.361  INFO 51 --- [ loginUser ] com.example.demo.controller.all.LoginController : Login method at com.itfac.ugs.controllers.all.LoginController called with username 184160D@gmail.com 
2021-05-19 11:29:10.741  INFO 51 --- [ loginUser ] com.example.demo.controller.all.LoginController : Login method at com.itfac.ugs.controllers.all.LoginController called with username 184160D@gmail.com 
2021-05-19 11:36:11.776  INFO 51 --- [ loginUser ] com.example.demo.controller.all.LoginController : Login method at com.itfac.ugs.controllers.all.LoginController called with username 184161D@gmail.com 
2021-05-19 11:36:30.628  INFO 51 --- [ loginUser ] com.example.demo.controller.all.LoginController : Login method at com.itfac.ugs.controllers.all.LoginController called with username 184162D@gmail.com 
2021-05-19 11:46:22.744  INFO 51 --- [ loginUser ] com.example.demo.controller.all.LoginController : Login method at com.itfac.ugs.controllers.all.LoginController called with username 184161D@gmail.com 
2021-05-19 11:52:30.705  INFO 51 --- [ loginUser ] com.example.demo.controller.all.LoginController : Login method at com.itfac.ugs.controllers.all.LoginController called with username 184161D@gmail.com 
2021-05-20 12:00:05.021  INFO 51 --- [ loginUser ] com.example.demo.controller.all.LoginController : Login method at com.itfac.ugs.controllers.all.LoginController called with username 184161D@gmail.com 
2021-05-20 12:04:27.810  INFO 51 --- [ loginUser ] com.example.demo.controller.all.LoginController : Login method at com.itfac.ugs.controllers.all.LoginController called with username 184161D@gmail.com 
2021-05-20 12:06:10.259  INFO 51 --- [ loginUser ] com.example.demo.controller.all.LoginController : Login method at com.itfac.ugs.controllers.all.LoginController called with username 184161D@gmail.com 
2021-05-20 12:08:40.877  INFO 51 --- [ loginUser ] com.example.demo.controller.all.LoginController : Login method at com.itfac.ugs.controllers.all.LoginController called with username 184160D@gmail.com 
2021-05-20 12:31:39.627  INFO 51 --- [ loginUser ] com.example.demo.controller.all.LoginController : Login method at com.itfac.ugs.controllers.all.LoginController called with username 184161D@gmail.com 
2021-05-20 12:32:09.743  INFO 51 --- [ loginUser ] com.example.demo.controller.all.LoginController : Login method at com.itfac.ugs.controllers.all.LoginController called with username 184160D@gmail.com 
2021-05-20 12:35:40.212  INFO 51 --- [ loginUser ] com.example.demo.controller.all.LoginController : Login method at com.itfac.ugs.controllers.all.LoginController called with username sarath@gmail.com 
2021-05-20 12:45:05.786  INFO 51 --- [ loginUser ] com.example.demo.controller.all.LoginController : Login method at com.itfac.ugs.controllers.all.LoginController called with username 184163D@gmail.com 
2021-05-20 12:45:12.283  INFO 51 --- [ loginUser ] com.example.demo.controller.all.LoginController : Login method at com.itfac.ugs.controllers.all.LoginController called with username 184162D@gmail.com 
2021-05-20 12:45:45.292  INFO 51 --- [ loginUser ] com.example.demo.controller.all.LoginController : Login method at com.itfac.ugs.controllers.all.LoginController called with username sarath@gmail.com 
2021-05-20 11:15:01.076  INFO 51 --- [ loginUser ] com.example.demo.controller.all.LoginController : Login method at com.itfac.ugs.controllers.all.LoginController called with username 184160D@gmail.com 
2021-05-20 11:15:44.437  INFO 51 --- [ loginUser ] com.example.demo.controller.all.LoginController : Login method at com.itfac.ugs.controllers.all.LoginController called with username sarath@gmail.com 
2021-05-20 11:21:26.467  INFO 51 --- [ loginUser ] com.example.demo.controller.all.LoginController : Login method at com.itfac.ugs.controllers.all.LoginController called with username 184163D@gmail.com 
2021-05-20 11:22:04.956  INFO 51 --- [ loginUser ] com.example.demo.controller.all.LoginController : Login method at com.itfac.ugs.controllers.all.LoginController called with username sarath@gmail.com 
2021-05-20 11:27:07.192  INFO 51 --- [ loginUser ] com.example.demo.controller.all.LoginController : Login method at com.itfac.ugs.controllers.all.LoginController called with username sarath@gmail.com 
2021-05-20 11:30:32.213  INFO 51 --- [ loginUser ] com.example.demo.controller.all.LoginController : Login method at com.itfac.ugs.controllers.all.LoginController called with username 184165D@gmail.com 
2021-05-20 11:57:05.643  INFO 51 --- [ loginUser ] com.example.demo.controller.all.LoginController : Login method at com.itfac.ugs.controllers.all.LoginController called with username 184165D@gmail.com 
2021-05-20 12:00:15.442  INFO 51 --- [ loginUser ] com.example.demo.controller.all.LoginController : Login method at com.itfac.ugs.controllers.all.LoginController called with username 184165D@gmail.com 
2021-05-20 12:18:01.882  INFO 51 --- [ loginUser ] com.example.demo.controller.all.LoginController : Login method at com.itfac.ugs.controllers.all.LoginController called with username 184160D@gmail.com 
2021-05-20 12:19:03.239  INFO 51 --- [ loginUser ] com.example.demo.controller.all.LoginController : Login method at com.itfac.ugs.controllers.all.LoginController called with username sarath@gmail.com 
2021-05-20 12:20:06.146  INFO 51 --- [ loginUser ] com.example.demo.controller.all.LoginController : Login method at com.itfac.ugs.controllers.all.LoginController called with username 184160D@gmail.com 
2021-05-20 12:22:21.391  INFO 51 --- [ loginUser ] com.example.demo.controller.all.LoginController : Login method at com.itfac.ugs.controllers.all.LoginController called with username sarath@gmail.com 
2021-05-20 12:29:52.181  INFO 51 --- [ loginUser ] com.example.demo.controller.all.LoginController : Login method at com.itfac.ugs.controllers.all.LoginController called with username 184163D@gmail.com 
2021-05-20 12:31:08.627  INFO 51 --- [ loginUser ] com.example.demo.controller.all.LoginController : Login method at com.itfac.ugs.controllers.all.LoginController called with username 184165D@gmail.com 
2021-05-20 05:03:59.444  INFO 51 --- [ loginUser ] com.example.demo.controller.all.LoginController : Login method at com.itfac.ugs.controllers.all.LoginController called with username sarath@gmail.com 
2021-05-20 05:04:20.917  INFO 51 --- [ loginUser ] com.example.demo.controller.all.LoginController : Login method at com.itfac.ugs.controllers.all.LoginController called with username sarath@gmail.com 
2021-05-20 06:18:48.807  INFO 51 --- [ loginUser ] com.example.demo.controller.all.LoginController : Login method at com.itfac.ugs.controllers.all.LoginController called with username sarath@gmail.com 
2021-05-20 06:51:47.659  INFO 51 --- [ loginUser ] com.example.demo.controller.all.LoginController : Login method at com.itfac.ugs.controllers.all.LoginController called with username sarath@gmail.com 
2021-05-20 07:09:58.728  INFO 51 --- [ loginUser ] com.example.demo.controller.all.LoginController : Login method at com.itfac.ugs.controllers.all.LoginController called with username sarath@gmail.com 
2021-05-20 09:09:09.966  INFO 51 --- [ loginUser ] com.example.demo.controller.all.LoginController : Login method at com.itfac.ugs.controllers.all.LoginController called with username sarath@gmail.com 
2021-05-20 09:09:28.119  INFO 51 --- [ loginUser ] com.example.demo.controller.all.LoginController : Login method at com.itfac.ugs.controllers.all.LoginController called with username 184160D@gmail.com 
2021-05-20 09:10:37.651  INFO 51 --- [ loginUser ] com.example.demo.controller.all.LoginController : Login method at com.itfac.ugs.controllers.all.LoginController called with username sarath@gmail.com 
2021-05-20 09:11:47.872  INFO 51 --- [ loginUser ] com.example.demo.controller.all.LoginController : Login method at com.itfac.ugs.controllers.all.LoginController called with username 184164D@gmail.com 
2021-05-20 09:13:42.091  INFO 51 --- [ loginUser ] com.example.demo.controller.all.LoginController : Login method at com.itfac.ugs.controllers.all.LoginController called with username sarath@gmail.com 
2021-05-20 09:34:14.887  INFO 51 --- [ loginUser ] com.example.demo.controller.all.LoginController : Login method at com.itfac.ugs.controllers.all.LoginController called with username sarath@gmail.com 
2021-05-20 10:01:46.426  INFO 51 --- [ loginUser ] com.example.demo.controller.all.LoginController : Login method at com.itfac.ugs.controllers.all.LoginController called with username sarath@gmail.com 
2021-05-20 10:12:35.270  INFO 51 --- [ loginUser ] com.example.demo.controller.all.LoginController : Login method at com.itfac.ugs.controllers.all.LoginController called with username sarath@gmail.com 
2021-05-21 12:01:58.663  INFO 51 --- [ loginUser ] com.example.demo.controller.all.LoginController : Login method at com.itfac.ugs.controllers.all.LoginController called with username sarath@gmail.com 
2021-05-21 01:03:33.391  INFO 51 --- [ loginUser ] com.example.demo.controller.all.LoginController : Login method at com.itfac.ugs.controllers.all.LoginController called with username sarath@gmail.com 
2021-05-21 01:10:55.541  INFO 51 --- [ loginUser ] com.example.demo.controller.all.LoginController : Login method at com.itfac.ugs.controllers.all.LoginController called with username 184161D@gmail.com 
2021-05-21 01:18:41.879  INFO 51 --- [ loginUser ] com.example.demo.controller.all.LoginController : Login method at com.itfac.ugs.controllers.all.LoginController called with username 184161D@gmail.com 
2021-05-21 09:56:10.107  INFO 51 --- [ loginUser ] com.example.demo.controller.all.LoginController : Login method at com.itfac.ugs.controllers.all.LoginController called with username sarath@gmail.com 
2021-05-21 09:58:19.120  INFO 51 --- [ loginUser ] com.example.demo.controller.all.LoginController : Login method at com.itfac.ugs.controllers.all.LoginController called with username 184163D@gmail.com 
2021-05-21 10:08:42.058  INFO 51 --- [ loginUser ] com.example.demo.controller.all.LoginController : Login method at com.itfac.ugs.controllers.all.LoginController called with username sarath@gmail.com 
2021-05-21 11:19:12.012  INFO 51 --- [ loginUser ] com.example.demo.controller.all.LoginController : Login method at com.itfac.ugs.controllers.all.LoginController called with username 184161D@gmail.com 
2021-05-21 11:19:48.496  INFO 51 --- [ loginUser ] com.example.demo.controller.all.LoginController : Login method at com.itfac.ugs.controllers.all.LoginController called with username sarath@gmail.com 
2021-05-21 11:20:38.432  INFO 51 --- [ loginUser ] com.example.demo.controller.all.LoginController : Login method at com.itfac.ugs.controllers.all.LoginController called with username 184163D@gmail.com 
2021-05-21 11:25:21.606  INFO 51 --- [ loginUser ] com.example.demo.controller.all.LoginController : Login method at com.itfac.ugs.controllers.all.LoginController called with username sarath@gmail.com 
2021-05-21 11:43:35.114  INFO 51 --- [ loginUser ] com.example.demo.controller.all.LoginController : Login method at com.itfac.ugs.controllers.all.LoginController called with username 184163D@gmail.com 
2021-05-21 11:44:31.557  INFO 51 --- [ loginUser ] com.example.demo.controller.all.LoginController : Login method at com.itfac.ugs.controllers.all.LoginController called with username sarath@gmail.com 
2021-05-21 11:47:18.293  INFO 51 --- [ loginUser ] com.example.demo.controller.all.LoginController : Login method at com.itfac.ugs.controllers.all.LoginController called with username 184161D@gmail.com 
2021-05-21 11:56:00.352  INFO 51 --- [ loginUser ] com.example.demo.controller.all.LoginController : Login method at com.itfac.ugs.controllers.all.LoginController called with username 184162D@gmail.com 
2021-05-21 11:59:22.546  INFO 51 --- [ loginUser ] com.example.demo.controller.all.LoginController : Login method at com.itfac.ugs.controllers.all.LoginController called with username 184164D@gmail.com 
2021-05-21 11:59:44.546  INFO 51 --- [ loginUser ] com.example.demo.controller.all.LoginController : Login method at com.itfac.ugs.controllers.all.LoginController called with username 184162D@gmail.com 
2021-05-21 12:17:49.224  INFO 51 --- [ loginUser ] com.example.demo.controller.all.LoginController : Login method at com.itfac.ugs.controllers.all.LoginController called with username 184162D@gmail.com 
2021-05-21 12:24:02.225  INFO 51 --- [ loginUser ] com.example.demo.controller.all.LoginController : Login method at com.itfac.ugs.controllers.all.LoginController called with username sarath@gmail.com 
2021-05-21 12:24:23.834  INFO 51 --- [ loginUser ] com.example.demo.controller.all.LoginController : Login method at com.itfac.ugs.controllers.all.LoginController called with username 184161D@gmail.com 
2021-05-21 04:11:34.581  INFO 51 --- [ loginUser ] com.example.demo.controller.all.LoginController : Login method at com.itfac.ugs.controllers.all.LoginController called with username 184161D@gmail.com 
2021-05-21 04:29:27.960  INFO 51 --- [ loginUser ] com.example.demo.controller.all.LoginController : Login method at com.itfac.ugs.controllers.all.LoginController called with username 184161D@gmail.com 
2021-05-21 07:02:55.467  INFO 51 --- [ loginUser ] com.example.demo.controller.all.LoginController : Login method at com.itfac.ugs.controllers.all.LoginController called with username sarath@gmail.com 
2021-05-21 09:39:39.281  INFO 51 --- [ loginUser ] com.example.demo.controller.all.LoginController : Login method at com.itfac.ugs.controllers.all.LoginController called with username 184163D@gmail.com 
2021-05-21 09:43:20.792  INFO 51 --- [ loginUser ] com.example.demo.controller.all.LoginController : Login method at com.itfac.ugs.controllers.all.LoginController called with username sarath@gmail.com 
2021-05-21 10:03:26.166  INFO 51 --- [ loginUser ] com.example.demo.controller.all.LoginController : Login method at com.itfac.ugs.controllers.all.LoginController called with username 184163D@gmail.com 
2021-05-21 10:11:18.693  INFO 51 --- [ loginUser ] com.example.demo.controller.all.LoginController : Login method at com.itfac.ugs.controllers.all.LoginController called with username sarath@gmail.com 
2021-05-21 10:18:49.737  INFO 51 --- [ loginUser ] com.example.demo.controller.all.LoginController : Login method at com.itfac.ugs.controllers.all.LoginController called with username 184161D@gmail.com 
2021-05-21 10:20:12.719  INFO 51 --- [ loginUser ] com.example.demo.controller.all.LoginController : Login method at com.itfac.ugs.controllers.all.LoginController called with username 184161D@gmail.com 
2021-05-21 10:20:28.775  INFO 51 --- [ loginUser ] com.example.demo.controller.all.LoginController : Login method at com.itfac.ugs.controllers.all.LoginController called with username 184160D@gmail.com 
2021-05-21 10:20:48.436  INFO 51 --- [ loginUser ] com.example.demo.controller.all.LoginController : Login method at com.itfac.ugs.controllers.all.LoginController called with username 184162D@gmail.com 
2021-05-21 10:21:57.371  INFO 51 --- [ loginUser ] com.example.demo.controller.all.LoginController : Login method at com.itfac.ugs.controllers.all.LoginController called with username 184163D@gmail.com 
2021-05-21 10:22:55.233  INFO 51 --- [ loginUser ] com.example.demo.controller.all.LoginController : Login method at com.itfac.ugs.controllers.all.LoginController called with username 184164D@gmail.com 
2021-05-21 10:23:42.087  INFO 51 --- [ loginUser ] com.example.demo.controller.all.LoginController : Login method at com.itfac.ugs.controllers.all.LoginController called with username 184165D@gmail.com 
2021-05-22 07:18:44.183  INFO 51 --- [ loginUser ] com.example.demo.controller.all.LoginController : Login method at com.itfac.ugs.controllers.all.LoginController called with username sarath@gmail.com 
2021-05-22 07:24:10.018  INFO 51 --- [ loginUser ] com.example.demo.controller.all.LoginController : Login method at com.itfac.ugs.controllers.all.LoginController called with username 184162D@gmail.com 
2021-05-22 07:28:33.418  INFO 51 --- [ loginUser ] com.example.demo.controller.all.LoginController : Login method at com.itfac.ugs.controllers.all.LoginController called with username sarath@gmail.com 
2021-05-22 07:47:52.980  INFO 51 --- [ loginUser ] com.example.demo.controller.all.LoginController : Login method at com.itfac.ugs.controllers.all.LoginController called with username 184162D@gmail.com 
2021-05-22 08:19:56.392  INFO 51 --- [ loginUser ] com.example.demo.controller.all.LoginController : Login method at com.itfac.ugs.controllers.all.LoginController called with username 184162D@gmail.com 
2021-05-22 08:39:16.248  INFO 51 --- [ loginUser ] com.example.demo.controller.all.LoginController : Login method at com.itfac.ugs.controllers.all.LoginController called with username sarath@gmail.com 
2021-05-22 08:43:59.854  INFO 51 --- [ loginUser ] com.example.demo.controller.all.LoginController : Login method at com.itfac.ugs.controllers.all.LoginController called with username 184162D@gmail.com 
2021-05-22 08:44:17.512  INFO 51 --- [ loginUser ] com.example.demo.controller.all.LoginController : Login method at com.itfac.ugs.controllers.all.LoginController called with username sarath@gmail.com 
2021-05-22 08:45:22.970  INFO 51 --- [ loginUser ] com.example.demo.controller.all.LoginController : Login method at com.itfac.ugs.controllers.all.LoginController called with username 184162D@gmail.com 
2021-05-22 08:46:05.712  INFO 51 --- [ loginUser ] com.example.demo.controller.all.LoginController : Login method at com.itfac.ugs.controllers.all.LoginController called with username sarath@gmail.com 
2021-05-22 08:46:25.760  INFO 51 --- [ loginUser ] com.example.demo.controller.all.LoginController : Login method at com.itfac.ugs.controllers.all.LoginController called with username 184162D@gmail.com 
2021-05-22 08:46:56.620  INFO 51 --- [ loginUser ] com.example.demo.controller.all.LoginController : Login method at com.itfac.ugs.controllers.all.LoginController called with username sarath@gmail.com 
2021-05-22 08:47:23.556  INFO 51 --- [ loginUser ] com.example.demo.controller.all.LoginController : Login method at com.itfac.ugs.controllers.all.LoginController called with username 184162D@gmail.com 
2021-05-22 10:38:13.839  INFO 51 --- [ loginUser ] com.example.demo.controller.all.LoginController : Login method at com.itfac.ugs.controllers.all.LoginController called with username sarath@gmail.com 
2021-05-22 10:48:34.749  INFO 51 --- [ loginUser ] com.example.demo.controller.all.LoginController : Login method at com.itfac.ugs.controllers.all.LoginController called with username 184162D@gmail.com 
2021-05-22 10:51:20.678  INFO 51 --- [ loginUser ] com.example.demo.controller.all.LoginController : Login method at com.itfac.ugs.controllers.all.LoginController called with username sarath@gmail.com 
2021-05-22 04:16:07.304  INFO 51 --- [ loginUser ] com.example.demo.controller.all.LoginController : Login method at com.itfac.ugs.controllers.all.LoginController called with username sarath@gmail.com 
2021-05-22 04:21:02.379  INFO 51 --- [ loginUser ] com.example.demo.controller.all.LoginController : Login method at com.itfac.ugs.controllers.all.LoginController called with username 184162D@gmail.com 
2021-05-22 04:22:11.750  INFO 51 --- [ loginUser ] com.example.demo.controller.all.LoginController : Login method at com.itfac.ugs.controllers.all.LoginController called with username sarath@gmail.com 
2021-05-22 04:22:58.618  INFO 51 --- [ loginUser ] com.example.demo.controller.all.LoginController : Login method at com.itfac.ugs.controllers.all.LoginController called with username 184162D@gmail.com 
2021-05-22 04:23:05.340  INFO 51 --- [ loginUser ] com.example.demo.controller.all.LoginController : Login method at com.itfac.ugs.controllers.all.LoginController called with username 184162D@gmail.com 
2021-05-22 04:23:22.904  INFO 51 --- [ loginUser ] com.example.demo.controller.all.LoginController : Login method at com.itfac.ugs.controllers.all.LoginController called with username sarath@gmail.com 
2021-05-22 04:45:44.379  INFO 51 --- [ loginUser ] com.example.demo.controller.all.LoginController : Login method at com.itfac.ugs.controllers.all.LoginController called with username 184163D@gmail.com 
2021-05-22 05:03:50.769  INFO 51 --- [ loginUser ] com.example.demo.controller.all.LoginController : Login method at com.itfac.ugs.controllers.all.LoginController called with username sarath@gmail.com 
2021-05-22 05:08:33.288  INFO 51 --- [ loginUser ] com.example.demo.controller.all.LoginController : Login method at com.itfac.ugs.controllers.all.LoginController called with username 184163D@gmail.com 
2021-05-22 05:08:53.911  INFO 51 --- [ loginUser ] com.example.demo.controller.all.LoginController : Login method at com.itfac.ugs.controllers.all.LoginController called with username sarath@gmail.com 
2021-05-22 05:11:39.887  INFO 51 --- [ loginUser ] com.example.demo.controller.all.LoginController : Login method at com.itfac.ugs.controllers.all.LoginController called with username sarath@gmail.com 
2021-05-22 05:15:15.471  INFO 51 --- [ loginUser ] com.example.demo.controller.all.LoginController : Login method at com.itfac.ugs.controllers.all.LoginController called with username 184160D@gmail.com 
2021-05-22 05:18:26.074  INFO 51 --- [ loginUser ] com.example.demo.controller.all.LoginController : Login method at com.itfac.ugs.controllers.all.LoginController called with username sarath@gmail.com 
2021-05-22 05:19:13.229  INFO 51 --- [ loginUser ] com.example.demo.controller.all.LoginController : Login method at com.itfac.ugs.controllers.all.LoginController called with username 184161D@gmail.com 
2021-05-22 05:19:49.470  INFO 51 --- [ loginUser ] com.example.demo.controller.all.LoginController : Login method at com.itfac.ugs.controllers.all.LoginController called with username sarath@gmail.com 
2021-05-22 05:20:47.993  INFO 51 --- [ loginUser ] com.example.demo.controller.all.LoginController : Login method at com.itfac.ugs.controllers.all.LoginController called with username 184164D@gmail.com 
2021-05-22 05:23:17.569  INFO 51 --- [ loginUser ] com.example.demo.controller.all.LoginController : Login method at com.itfac.ugs.controllers.all.LoginController called with username sarath@gmail.com 
2021-05-22 05:23:59.561  INFO 51 --- [ loginUser ] com.example.demo.controller.all.LoginController : Login method at com.itfac.ugs.controllers.all.LoginController called with username 184165D@gmail.com 
2021-05-22 05:26:45.921  INFO 51 --- [ loginUser ] com.example.demo.controller.all.LoginController : Login method at com.itfac.ugs.controllers.all.LoginController called with username sarath@gmail.com 
2021-05-22 08:12:54.980  INFO 51 --- [ loginUser ] com.example.demo.controller.all.LoginController : Login method at com.itfac.ugs.controllers.all.LoginController called with username sarath@gmail.com 
2021-05-22 08:13:40.357  INFO 51 --- [ loginUser ] com.example.demo.controller.all.LoginController : Login method at com.itfac.ugs.controllers.all.LoginController called with username 184162D@gmail.com 
2021-05-22 08:14:00.341  INFO 51 --- [ loginUser ] com.example.demo.controller.all.LoginController : Login method at com.itfac.ugs.controllers.all.LoginController called with username sarath@gmail.com 
2021-05-22 08:28:20.173  INFO 51 --- [ loginUser ] com.example.demo.controller.all.LoginController : Login method at com.itfac.ugs.controllers.all.LoginController called with username 184160D@gmail.com 
2021-05-22 10:00:42.002  INFO 51 --- [ loginUser ] com.example.demo.controller.all.LoginController : Login method at com.itfac.ugs.controllers.all.LoginController called with username sarath@gmail.com 
2021-05-22 10:54:21.821  INFO 51 --- [ loginUser ] com.example.demo.controller.all.LoginController : Login method at com.itfac.ugs.controllers.all.LoginController called with username sarath@gmail.com 
2021-05-22 10:59:57.694  INFO 51 --- [ loginUser ] com.example.demo.controller.all.LoginController : Login method at com.itfac.ugs.controllers.all.LoginController called with username 184162D@gmail.com 
2021-05-22 11:00:35.181  INFO 51 --- [ loginUser ] com.example.demo.controller.all.LoginController : Login method at com.itfac.ugs.controllers.all.LoginController called with username 184161D@gmail.com 
2021-05-22 11:01:12.622  INFO 51 --- [ loginUser ] com.example.demo.controller.all.LoginController : Login method at com.itfac.ugs.controllers.all.LoginController called with username 184163D@gmail.com 
2021-05-22 11:01:55.649  INFO 51 --- [ loginUser ] com.example.demo.controller.all.LoginController : Login method at com.itfac.ugs.controllers.all.LoginController called with username 184162D@gmail.com 
2021-05-22 11:02:36.597  INFO 51 --- [ loginUser ] com.example.demo.controller.all.LoginController : Login method at com.itfac.ugs.controllers.all.LoginController called with username 184163D@gmail.com 
2021-05-22 11:04:28.937  INFO 51 --- [ loginUser ] com.example.demo.controller.all.LoginController : Login method at com.itfac.ugs.controllers.all.LoginController called with username 184165D@gmail.com 
2021-05-22 11:05:04.265  INFO 51 --- [ loginUser ] com.example.demo.controller.all.LoginController : Login method at com.itfac.ugs.controllers.all.LoginController called with username 184164D@gmail.com 
2021-05-22 11:07:46.814  INFO 51 --- [ loginUser ] com.example.demo.controller.all.LoginController : Login method at com.itfac.ugs.controllers.all.LoginController called with username 184163D@gmail.com 
2021-05-22 11:08:14.901  INFO 51 --- [ loginUser ] com.example.demo.controller.all.LoginController : Login method at com.itfac.ugs.controllers.all.LoginController called with username 184162D@gmail.com 
2021-05-22 11:09:09.510  INFO 51 --- [ loginUser ] com.example.demo.controller.all.LoginController : Login method at com.itfac.ugs.controllers.all.LoginController called with username 184161D@gmail.com 
2021-05-22 11:16:20.359  INFO 51 --- [ loginUser ] com.example.demo.controller.all.LoginController : Login method at com.itfac.ugs.controllers.all.LoginController called with username sarath@gmail.com 
2021-05-22 11:34:54.959  INFO 51 --- [ loginUser ] com.example.demo.controller.all.LoginController : Login method at com.itfac.ugs.controllers.all.LoginController called with username 184161D@gmail.com 
2021-05-22 11:47:27.193  INFO 51 --- [ loginUser ] com.example.demo.controller.all.LoginController : Login method at com.itfac.ugs.controllers.all.LoginController called with username sarath@gmail.com 
